<?xml version="1.0" encoding="UTF-8"?>
<robot generator="Robot 6.1.1 (Python 3.11.4 on darwin)" generated="20230809 17:07:08.740" rpa="false" schemaversion="4">
<suite id="s1" name="JENKINS T" source="/Users/manoj.boya/PycharmProjects/tasks/GIT_JENKINS/JENKINS_T.robot">
<kw name="Open Browser MAXIMIZE" type="SETUP">
<kw name="Open Browser" library="SeleniumLibrary">
<arg>${Url}</arg>
<arg>${Browser}</arg>
<arg>executable_path=${DRIVER_PATH}</arg>
<doc>Opens a new browser instance to the optional ``url``.</doc>
<msg timestamp="20230809 17:07:09.419" level="INFO">Opening browser 'Chrome' to base url 'https://www.techlistic.com/p/selenium-practice-form.html'.</msg>
<msg timestamp="20230809 17:07:09.420" level="INFO">Cannot capture screenshot because no browser is open.</msg>
<msg timestamp="20230809 17:07:09.420" level="FAIL">TypeError: WebDriver.__init__() got an unexpected keyword argument 'service_log_path'</msg>
<status status="FAIL" starttime="20230809 17:07:09.418" endtime="20230809 17:07:09.441"/>
</kw>
<kw name="Set Selenium Implicit Wait" library="SeleniumLibrary">
<arg>18</arg>
<doc>Sets the implicit wait value used by Selenium.</doc>
<status status="NOT RUN" starttime="20230809 17:07:09.442" endtime="20230809 17:07:09.442"/>
</kw>
<kw name="Maximize Browser Window" library="SeleniumLibrary">
<doc>Maximizes current browser window.</doc>
<status status="NOT RUN" starttime="20230809 17:07:09.442" endtime="20230809 17:07:09.442"/>
</kw>
<status status="FAIL" starttime="20230809 17:07:09.418" endtime="20230809 17:07:09.442"/>
</kw>
<test id="s1-t1" name="Key_Actions" line="23">
<status status="FAIL" starttime="20230809 17:07:09.442" endtime="20230809 17:07:09.444">Parent suite setup failed:
TypeError: WebDriver.__init__() got an unexpected keyword argument 'service_log_path'</status>
</test>
<test id="s1-t2" name="Position" line="44">
<status status="FAIL" starttime="20230809 17:07:09.444" endtime="20230809 17:07:09.445">Parent suite setup failed:
TypeError: WebDriver.__init__() got an unexpected keyword argument 'service_log_path'</status>
</test>
<test id="s1-t3" name="Mouse_actions" line="50">
<status status="FAIL" starttime="20230809 17:07:09.445" endtime="20230809 17:07:09.445">Parent suite setup failed:
TypeError: WebDriver.__init__() got an unexpected keyword argument 'service_log_path'</status>
</test>
<test id="s1-t4" name="Drag Drop" line="56">
<status status="FAIL" starttime="20230809 17:07:09.446" endtime="20230809 17:07:09.446">Parent suite setup failed:
TypeError: WebDriver.__init__() got an unexpected keyword argument 'service_log_path'</status>
</test>
<test id="s1-t5" name="F_Case" line="61">
<status status="FAIL" starttime="20230809 17:07:09.446" endtime="20230809 17:07:09.447">Parent suite setup failed:
TypeError: WebDriver.__init__() got an unexpected keyword argument 'service_log_path'</status>
</test>
<test id="s1-t6" name="F_Test" line="65">
<status status="FAIL" starttime="20230809 17:07:09.447" endtime="20230809 17:07:09.448">Parent suite setup failed:
TypeError: WebDriver.__init__() got an unexpected keyword argument 'service_log_path'</status>
</test>
<kw name="Close All Browsers" library="SeleniumLibrary" type="TEARDOWN">
<doc>Closes all open browsers and resets the browser cache.</doc>
<status status="PASS" starttime="20230809 17:07:09.448" endtime="20230809 17:07:09.449"/>
</kw>
<status status="FAIL" starttime="20230809 17:07:08.746" endtime="20230809 17:07:09.449">Suite setup failed:
TypeError: WebDriver.__init__() got an unexpected keyword argument 'service_log_path'</status>
</suite>
<statistics>
<total>
<stat pass="0" fail="6" skip="0">All Tests</stat>
</total>
<tag>
</tag>
<suite>
<stat pass="0" fail="6" skip="0" id="s1" name="JENKINS T">JENKINS T</stat>
</suite>
</statistics>
<errors>
</errors>
</robot>
